<?xml version="1.0" encoding="UTF-8"?>
<robot generator="Robot 7.4.2 (Python 3.12.10 on win32)" generated="2026-04-25T17:36:47.230689" rpa="false" schemaversion="5">
<suite id="s1" name="13.S2 6 vizsgaelemek" source="C:\Users\sutus\OneDrive\Dokumentumok\GitHub\13.S2_6_vizsgaelemek">
<suite id="s1-s1" name="MagicFridge" source="C:\Users\sutus\OneDrive\Dokumentumok\GitHub\13.S2_6_vizsgaelemek\MagicFridge">
<suite id="s1-s1-s1" name="MagicFridge" source="C:\Users\sutus\OneDrive\Dokumentumok\GitHub\13.S2_6_vizsgaelemek\MagicFridge\MagicFridge">
<suite id="s1-s1-s1-s1" name="Tests" source="C:\Users\sutus\OneDrive\Dokumentumok\GitHub\13.S2_6_vizsgaelemek\MagicFridge\MagicFridge\tests">
<suite id="s1-s1-s1-s1-s1" name="FrontEnd Test" source="C:\Users\sutus\OneDrive\Dokumentumok\GitHub\13.S2_6_vizsgaelemek\MagicFridge\MagicFridge\tests\FrontEnd_Test">
<suite id="s1-s1-s1-s1-s1-s1" name="Recipes" source="C:\Users\sutus\OneDrive\Dokumentumok\GitHub\13.S2_6_vizsgaelemek\MagicFridge\MagicFridge\tests\FrontEnd_Test\Recipes.robot">
<kw name="Open MagicFridge" owner="MagicFridge" type="SETUP">
<kw name="Open Browser" owner="SeleniumLibrary">
<msg time="2026-04-25T17:36:47.525594" level="INFO">Opening browser 'Chrome' to base url 'http://127.0.0.1:8000'.</msg>
<arg>${BASE_URL}</arg>
<arg>${BROWSER}</arg>
<doc>Opens a new browser instance to the optional ``url``.</doc>
<status status="PASS" start="2026-04-25T17:36:47.525594" elapsed="2.118171"/>
</kw>
<kw name="Maximize Browser Window" owner="SeleniumLibrary">
<doc>Maximizes current browser window.</doc>
<status status="PASS" start="2026-04-25T17:36:49.643765" elapsed="0.034810"/>
</kw>
<kw name="Set Selenium Speed" owner="SeleniumLibrary">
<arg>${SELENIUM_SPEED}</arg>
<doc>Sets the delay that is waited after each Selenium command.</doc>
<status status="PASS" start="2026-04-25T17:36:49.679543" elapsed="0.000000"/>
</kw>
<kw name="Set Selenium Timeout" owner="SeleniumLibrary">
<arg>10s</arg>
<doc>Sets the timeout that is used by various keywords.</doc>
<status status="PASS" start="2026-04-25T17:36:49.680721" elapsed="0.001000"/>
</kw>
<status status="PASS" start="2026-04-25T17:36:47.524584" elapsed="2.157137"/>
</kw>
<test id="s1-s1-s1-s1-s1-s1-t1" name="Recipes Page Shows Search And Own Recipes Area" line="9">
<kw name="Log In With Test User" owner="MagicFridge" type="SETUP">
<kw name="Require Test User" owner="MagicFridge">
<kw name="Skip If" owner="BuiltIn">
<arg>'${TEST_EMAIL}' == '' or '${TEST_PASSWORD}' == ''</arg>
<arg>Protected frontend tests need TEST_EMAIL and TEST_PASSWORD variables.</arg>
<doc>Skips the rest of the current test if the ``condition`` is True.</doc>
<status status="PASS" start="2026-04-25T17:36:49.688829" elapsed="0.001001"/>
</kw>
<status status="PASS" start="2026-04-25T17:36:49.688829" elapsed="0.001001"/>
</kw>
<kw name="Go To" owner="SeleniumLibrary">
<msg time="2026-04-25T17:36:49.690910" level="INFO">Opening url 'http://127.0.0.1:8000/login'</msg>
<arg>${BASE_URL}/login</arg>
<doc>Navigates the current browser window to the provided ``url``.</doc>
<status status="PASS" start="2026-04-25T17:36:49.689830" elapsed="0.735236"/>
</kw>
<kw name="Wait Until Page Contains Element" owner="SeleniumLibrary">
<arg>css:input[name="email"]</arg>
<doc>Waits until the element ``locator`` appears on the current page.</doc>
<status status="PASS" start="2026-04-25T17:36:50.425066" elapsed="0.014891"/>
</kw>
<kw name="Input Text" owner="SeleniumLibrary">
<msg time="2026-04-25T17:36:50.441005" level="INFO">Typing text 'sutusrobert910@gmail.com' into text field 'css:input[name="email"]'.</msg>
<arg>css:input[name="email"]</arg>
<arg>${TEST_EMAIL}</arg>
<doc>Types the given ``text`` into the text field identified by ``locator``.</doc>
<status status="PASS" start="2026-04-25T17:36:50.439957" elapsed="0.093594"/>
</kw>
<kw name="Input Password" owner="SeleniumLibrary">
<msg time="2026-04-25T17:36:50.533551" level="INFO">Typing password into text field 'css:input[name="password"]'.</msg>
<msg time="2026-04-25T17:36:50.566862" level="INFO">Temporally setting log level to: NONE</msg>
<arg>css:input[name="password"]</arg>
<arg>${TEST_PASSWORD}</arg>
<doc>Types the given password into the text field identified by ``locator``.</doc>
<status status="PASS" start="2026-04-25T17:36:50.533551" elapsed="0.080271"/>
</kw>
<kw name="Click Button" owner="SeleniumLibrary">
<msg time="2026-04-25T17:36:50.615232" level="INFO">Clicking button 'Login'.</msg>
<arg>Login</arg>
<doc>Clicks the button identified by ``locator``.</doc>
<status status="PASS" start="2026-04-25T17:36:50.613822" elapsed="0.091465"/>
</kw>
<kw name="Wait Until Location Contains" owner="SeleniumLibrary">
<arg>/dashboard</arg>
<doc>Waits until the current URL contains ``expected``.</doc>
<status status="PASS" start="2026-04-25T17:36:50.705287" elapsed="1.249056"/>
</kw>
<kw name="Wait Until Page Contains" owner="SeleniumLibrary">
<arg>Choose a module</arg>
<doc>Waits until ``text`` appears on the current page.</doc>
<status status="PASS" start="2026-04-25T17:36:51.955347" elapsed="0.011439"/>
</kw>
<status status="PASS" start="2026-04-25T17:36:49.687829" elapsed="2.278957"/>
</kw>
<kw name="Go To App Page" owner="MagicFridge">
<kw name="Go To" owner="SeleniumLibrary">
<msg time="2026-04-25T17:36:51.967986" level="INFO">Opening url 'http://127.0.0.1:8000/recipes'</msg>
<arg>${BASE_URL}${path}</arg>
<doc>Navigates the current browser window to the provided ``url``.</doc>
<status status="PASS" start="2026-04-25T17:36:51.967986" elapsed="1.094927"/>
</kw>
<arg>/recipes</arg>
<status status="PASS" start="2026-04-25T17:36:51.966786" elapsed="1.097289"/>
</kw>
<kw name="Wait Until Page Contains" owner="SeleniumLibrary">
<arg>Own recipes</arg>
<doc>Waits until ``text`` appears on the current page.</doc>
<status status="PASS" start="2026-04-25T17:36:53.064075" elapsed="0.009236"/>
</kw>
<kw name="Page Should Contain Element" owner="SeleniumLibrary">
<msg time="2026-04-25T17:36:53.087929" level="INFO">Current page contains element 'css:input[name="q"]'.</msg>
<arg>css:input[name="q"]</arg>
<doc>Verifies that element ``locator`` is found on the current page.</doc>
<status status="PASS" start="2026-04-25T17:36:53.074312" elapsed="0.014617"/>
</kw>
<kw name="Page Should Contain Button" owner="SeleniumLibrary">
<msg time="2026-04-25T17:36:53.124890" level="INFO">Current page contains button 'Search'.</msg>
<arg>Search</arg>
<doc>Verifies button ``locator`` is found from current page.</doc>
<status status="PASS" start="2026-04-25T17:36:53.089929" elapsed="0.034961"/>
</kw>
<kw name="Page Should Contain Link" owner="SeleniumLibrary">
<msg time="2026-04-25T17:36:53.147477" level="INFO">Current page contains link '+Add new recipes'.</msg>
<arg>+Add new recipes</arg>
<doc>Verifies link identified by ``locator`` is found from current page.</doc>
<status status="PASS" start="2026-04-25T17:36:53.124890" elapsed="0.022587"/>
</kw>
<kw name="Log Out If Logged In" owner="MagicFridge" type="TEARDOWN">
<kw name="Run Keyword And Return Status" owner="BuiltIn">
<kw name="Page Should Contain Button" owner="SeleniumLibrary">
<msg time="2026-04-25T17:36:53.201692" level="INFO">Current page contains button 'Log out'.</msg>
<arg>Log out</arg>
<doc>Verifies button ``locator`` is found from current page.</doc>
<status status="PASS" start="2026-04-25T17:36:53.152986" elapsed="0.048706"/>
</kw>
<msg time="2026-04-25T17:36:53.202782" level="INFO">${present} = True</msg>
<var>${present}</var>
<arg>Page Should Contain Button</arg>
<arg>Log out</arg>
<doc>Runs the specified keyword and returns the status as a Boolean value.</doc>
<status status="PASS" start="2026-04-25T17:36:53.151985" elapsed="0.050797"/>
</kw>
<if>
<branch type="IF" condition="${present}">
<kw name="Click Button" owner="SeleniumLibrary">
<msg time="2026-04-25T17:36:53.203818" level="INFO">Clicking button 'Log out'.</msg>
<arg>Log out</arg>
<doc>Clicks the button identified by ``locator``.</doc>
<status status="PASS" start="2026-04-25T17:36:53.202782" elapsed="1.033381"/>
</kw>
<kw name="Wait Until Location Contains" owner="SeleniumLibrary">
<arg>/login</arg>
<doc>Waits until the current URL contains ``expected``.</doc>
<status status="PASS" start="2026-04-25T17:36:54.236163" elapsed="0.004051"/>
</kw>
<status status="PASS" start="2026-04-25T17:36:53.202782" elapsed="1.038438"/>
</branch>
<status status="PASS" start="2026-04-25T17:36:53.202782" elapsed="1.038438"/>
</if>
<status status="PASS" start="2026-04-25T17:36:53.150981" elapsed="1.090239"/>
</kw>
<status status="PASS" start="2026-04-25T17:36:49.681721" elapsed="4.559499"/>
</test>
<test id="s1-s1-s1-s1-s1-s1-t2" name="Own Recipe Form Can Be Filled With Fast Example" line="16">
<kw name="Log In With Test User" owner="MagicFridge" type="SETUP">
<kw name="Require Test User" owner="MagicFridge">
<kw name="Skip If" owner="BuiltIn">
<arg>'${TEST_EMAIL}' == '' or '${TEST_PASSWORD}' == ''</arg>
<arg>Protected frontend tests need TEST_EMAIL and TEST_PASSWORD variables.</arg>
<doc>Skips the rest of the current test if the ``condition`` is True.</doc>
<status status="PASS" start="2026-04-25T17:36:54.253666" elapsed="0.001013"/>
</kw>
<status status="PASS" start="2026-04-25T17:36:54.253666" elapsed="0.001013"/>
</kw>
<kw name="Go To" owner="SeleniumLibrary">
<msg time="2026-04-25T17:36:54.254679" level="INFO">Opening url 'http://127.0.0.1:8000/login'</msg>
<arg>${BASE_URL}/login</arg>
<doc>Navigates the current browser window to the provided ``url``.</doc>
<status status="PASS" start="2026-04-25T17:36:54.254679" elapsed="0.584059"/>
</kw>
<kw name="Wait Until Page Contains Element" owner="SeleniumLibrary">
<arg>css:input[name="email"]</arg>
<doc>Waits until the element ``locator`` appears on the current page.</doc>
<status status="PASS" start="2026-04-25T17:36:54.838738" elapsed="0.010786"/>
</kw>
<kw name="Input Text" owner="SeleniumLibrary">
<msg time="2026-04-25T17:36:54.849524" level="INFO">Typing text 'sutusrobert910@gmail.com' into text field 'css:input[name="email"]'.</msg>
<arg>css:input[name="email"]</arg>
<arg>${TEST_EMAIL}</arg>
<doc>Types the given ``text`` into the text field identified by ``locator``.</doc>
<status status="PASS" start="2026-04-25T17:36:54.849524" elapsed="0.068685"/>
</kw>
<kw name="Input Password" owner="SeleniumLibrary">
<msg time="2026-04-25T17:36:54.919228" level="INFO">Typing password into text field 'css:input[name="password"]'.</msg>
<msg time="2026-04-25T17:36:54.942148" level="INFO">Temporally setting log level to: NONE</msg>
<arg>css:input[name="password"]</arg>
<arg>${TEST_PASSWORD}</arg>
<doc>Types the given password into the text field identified by ``locator``.</doc>
<status status="PASS" start="2026-04-25T17:36:54.918209" elapsed="0.060191"/>
</kw>
<kw name="Click Button" owner="SeleniumLibrary">
<msg time="2026-04-25T17:36:54.979416" level="INFO">Clicking button 'Login'.</msg>
<arg>Login</arg>
<doc>Clicks the button identified by ``locator``.</doc>
<status status="PASS" start="2026-04-25T17:36:54.978400" elapsed="0.057939"/>
</kw>
<kw name="Wait Until Location Contains" owner="SeleniumLibrary">
<arg>/dashboard</arg>
<doc>Waits until the current URL contains ``expected``.</doc>
<status status="PASS" start="2026-04-25T17:36:55.036339" elapsed="1.190504"/>
</kw>
<kw name="Wait Until Page Contains" owner="SeleniumLibrary">
<arg>Choose a module</arg>
<doc>Waits until ``text`` appears on the current page.</doc>
<status status="PASS" start="2026-04-25T17:36:56.226843" elapsed="0.011833"/>
</kw>
<status status="PASS" start="2026-04-25T17:36:54.252349" elapsed="1.986327"/>
</kw>
<kw name="Go To App Page" owner="MagicFridge">
<kw name="Go To" owner="SeleniumLibrary">
<msg time="2026-04-25T17:36:56.240686" level="INFO">Opening url 'http://127.0.0.1:8000/recipes/own/create'</msg>
<arg>${BASE_URL}${path}</arg>
<doc>Navigates the current browser window to the provided ``url``.</doc>
<status status="PASS" start="2026-04-25T17:36:56.240686" elapsed="0.557008"/>
</kw>
<arg>/recipes/own/create</arg>
<status status="PASS" start="2026-04-25T17:36:56.239681" elapsed="0.558013"/>
</kw>
<kw name="Wait Until Page Contains" owner="SeleniumLibrary">
<arg>Own recipes</arg>
<doc>Waits until ``text`` appears on the current page.</doc>
<status status="PASS" start="2026-04-25T17:36:56.797694" elapsed="0.009610"/>
</kw>
<kw name="Click Button" owner="SeleniumLibrary">
<msg time="2026-04-25T17:36:56.808331" level="INFO">Clicking button 'xpath=//button[contains(normalize-space(.),'Fast Example')]'.</msg>
<arg>xpath=//button[contains(normalize-space(.),'Fast Example')]</arg>
<doc>Clicks the button identified by ``locator``.</doc>
<status status="PASS" start="2026-04-25T17:36:56.807304" elapsed="0.084463"/>
</kw>
<kw name="Get Value" owner="SeleniumLibrary">
<msg time="2026-04-25T17:36:56.932517" level="INFO">${title} = Chicken Breast with Pasta</msg>
<var>${title}</var>
<arg>css:input[name="title"]</arg>
<doc>Returns the value attribute of the element identified by ``locator``.</doc>
<status status="PASS" start="2026-04-25T17:36:56.891767" elapsed="0.040750"/>
</kw>
<kw name="Should Not Be Empty" owner="BuiltIn">
<msg time="2026-04-25T17:36:56.932517" level="INFO">Length is 25.</msg>
<arg>${title}</arg>
<doc>Verifies that the given item is not empty.</doc>
<status status="PASS" start="2026-04-25T17:36:56.932517" elapsed="0.000000"/>
</kw>
<kw name="Page Should Contain" owner="SeleniumLibrary">
<msg time="2026-04-25T17:36:56.949905" level="INFO">Current page contains text 'Live preview'.</msg>
<arg>Live preview</arg>
<doc>Verifies that current page contains ``text``.</doc>
<status status="PASS" start="2026-04-25T17:36:56.932517" elapsed="0.017388"/>
</kw>
<kw name="Page Should Contain" owner="SeleniumLibrary">
<msg time="2026-04-25T17:36:56.961223" level="INFO">Current page contains text 'Filled in:'.</msg>
<arg>Filled in:</arg>
<doc>Verifies that current page contains ``text``.</doc>
<status status="PASS" start="2026-04-25T17:36:56.949905" elapsed="0.011318"/>
</kw>
<kw name="Log Out If Logged In" owner="MagicFridge" type="TEARDOWN">
<kw name="Run Keyword And Return Status" owner="BuiltIn">
<kw name="Page Should Contain Button" owner="SeleniumLibrary">
<msg time="2026-04-25T17:36:56.996141" level="INFO">Current page contains button 'Log out'.</msg>
<arg>Log out</arg>
<doc>Verifies button ``locator`` is found from current page.</doc>
<status status="PASS" start="2026-04-25T17:36:56.965543" elapsed="0.031618"/>
</kw>
<msg time="2026-04-25T17:36:56.997161" level="INFO">${present} = True</msg>
<var>${present}</var>
<arg>Page Should Contain Button</arg>
<arg>Log out</arg>
<doc>Runs the specified keyword and returns the status as a Boolean value.</doc>
<status status="PASS" start="2026-04-25T17:36:56.964216" elapsed="0.033948"/>
</kw>
<if>
<branch type="IF" condition="${present}">
<kw name="Click Button" owner="SeleniumLibrary">
<msg time="2026-04-25T17:36:57.000631" level="INFO">Clicking button 'Log out'.</msg>
<arg>Log out</arg>
<doc>Clicks the button identified by ``locator``.</doc>
<status status="PASS" start="2026-04-25T17:36:57.000631" elapsed="0.058611"/>
</kw>
<kw name="Wait Until Location Contains" owner="SeleniumLibrary">
<arg>/login</arg>
<doc>Waits until the current URL contains ``expected``.</doc>
<status status="PASS" start="2026-04-25T17:36:57.060265" elapsed="1.040282"/>
</kw>
<status status="PASS" start="2026-04-25T17:36:57.000631" elapsed="1.099916"/>
</branch>
<status status="PASS" start="2026-04-25T17:36:56.998626" elapsed="1.101921"/>
</if>
<status status="PASS" start="2026-04-25T17:36:56.963209" elapsed="1.137338"/>
</kw>
<status status="PASS" start="2026-04-25T17:36:54.245546" elapsed="3.855001"/>
</test>
<test id="s1-s1-s1-s1-s1-s1-t3" name="Own Recipe Validation Requires Ingredient" line="25">
<kw name="Log In With Test User" owner="MagicFridge" type="SETUP">
<kw name="Require Test User" owner="MagicFridge">
<kw name="Skip If" owner="BuiltIn">
<arg>'${TEST_EMAIL}' == '' or '${TEST_PASSWORD}' == ''</arg>
<arg>Protected frontend tests need TEST_EMAIL and TEST_PASSWORD variables.</arg>
<doc>Skips the rest of the current test if the ``condition`` is True.</doc>
<status status="PASS" start="2026-04-25T17:36:58.109844" elapsed="0.001024"/>
</kw>
<status status="PASS" start="2026-04-25T17:36:58.109844" elapsed="0.001024"/>
</kw>
<kw name="Go To" owner="SeleniumLibrary">
<msg time="2026-04-25T17:36:58.111896" level="INFO">Opening url 'http://127.0.0.1:8000/login'</msg>
<arg>${BASE_URL}/login</arg>
<doc>Navigates the current browser window to the provided ``url``.</doc>
<status status="PASS" start="2026-04-25T17:36:58.110868" elapsed="0.741505"/>
</kw>
<kw name="Wait Until Page Contains Element" owner="SeleniumLibrary">
<arg>css:input[name="email"]</arg>
<doc>Waits until the element ``locator`` appears on the current page.</doc>
<status status="PASS" start="2026-04-25T17:36:58.852373" elapsed="0.008848"/>
</kw>
<kw name="Input Text" owner="SeleniumLibrary">
<msg time="2026-04-25T17:36:58.862231" level="INFO">Typing text 'sutusrobert910@gmail.com' into text field 'css:input[name="email"]'.</msg>
<arg>css:input[name="email"]</arg>
<arg>${TEST_EMAIL}</arg>
<doc>Types the given ``text`` into the text field identified by ``locator``.</doc>
<status status="PASS" start="2026-04-25T17:36:58.861221" elapsed="0.076036"/>
</kw>
<kw name="Input Password" owner="SeleniumLibrary">
<msg time="2026-04-25T17:36:58.937257" level="INFO">Typing password into text field 'css:input[name="password"]'.</msg>
<msg time="2026-04-25T17:36:58.946897" level="INFO">Temporally setting log level to: NONE</msg>
<arg>css:input[name="password"]</arg>
<arg>${TEST_PASSWORD}</arg>
<doc>Types the given password into the text field identified by ``locator``.</doc>
<status status="PASS" start="2026-04-25T17:36:58.937257" elapsed="0.062449"/>
</kw>
<kw name="Click Button" owner="SeleniumLibrary">
<msg time="2026-04-25T17:36:58.999706" level="INFO">Clicking button 'Login'.</msg>
<arg>Login</arg>
<doc>Clicks the button identified by ``locator``.</doc>
<status status="PASS" start="2026-04-25T17:36:58.999706" elapsed="0.047214"/>
</kw>
<kw name="Wait Until Location Contains" owner="SeleniumLibrary">
<arg>/dashboard</arg>
<doc>Waits until the current URL contains ``expected``.</doc>
<status status="PASS" start="2026-04-25T17:36:59.046920" elapsed="1.257035"/>
</kw>
<kw name="Wait Until Page Contains" owner="SeleniumLibrary">
<arg>Choose a module</arg>
<doc>Waits until ``text`` appears on the current page.</doc>
<status status="PASS" start="2026-04-25T17:37:00.304983" elapsed="0.009119"/>
</kw>
<status status="PASS" start="2026-04-25T17:36:58.109844" elapsed="2.204258"/>
</kw>
<kw name="Go To App Page" owner="MagicFridge">
<kw name="Go To" owner="SeleniumLibrary">
<msg time="2026-04-25T17:37:00.316101" level="INFO">Opening url 'http://127.0.0.1:8000/recipes/own/create'</msg>
<arg>${BASE_URL}${path}</arg>
<doc>Navigates the current browser window to the provided ``url``.</doc>
<status status="PASS" start="2026-04-25T17:37:00.315100" elapsed="0.782274"/>
</kw>
<arg>/recipes/own/create</arg>
<status status="PASS" start="2026-04-25T17:37:00.315100" elapsed="0.782274"/>
</kw>
<kw name="Wait Until Page Contains" owner="SeleniumLibrary">
<arg>Own recipes</arg>
<doc>Waits until ``text`` appears on the current page.</doc>
<status status="PASS" start="2026-04-25T17:37:01.097374" elapsed="0.011996"/>
</kw>
<kw name="Input Text" owner="SeleniumLibrary">
<msg time="2026-04-25T17:37:01.110370" level="INFO">Typing text 'Robot Empty Recipe' into text field 'css:input[name="title"]'.</msg>
<arg>css:input[name="title"]</arg>
<arg>Robot Empty Recipe</arg>
<doc>Types the given ``text`` into the text field identified by ``locator``.</doc>
<status status="PASS" start="2026-04-25T17:37:01.110370" elapsed="0.093170"/>
</kw>
<kw name="Click Button" owner="SeleniumLibrary">
<msg time="2026-04-25T17:37:01.204650" level="INFO">Clicking button 'xpath=//button[contains(normalize-space(.),'Clear ingredients')]'.</msg>
<arg>xpath=//button[contains(normalize-space(.),'Clear ingredients')]</arg>
<doc>Clicks the button identified by ``locator``.</doc>
<status status="PASS" start="2026-04-25T17:37:01.204650" elapsed="0.071764"/>
</kw>
<kw name="Click Button" owner="SeleniumLibrary">
<msg time="2026-04-25T17:37:01.277418" level="INFO">Clicking button 'Save'.</msg>
<arg>Save</arg>
<doc>Clicks the button identified by ``locator``.</doc>
<status status="PASS" start="2026-04-25T17:37:01.277418" elapsed="0.086015"/>
</kw>
<kw name="Handle Alert" owner="SeleniumLibrary">
<msg time="2026-04-25T17:37:01.364451" level="INFO">HANDLE::&lt;class 'NoneType'&gt;::None</msg>
<arg>ACCEPT</arg>
<doc>Handles the current alert and returns its message.</doc>
<status status="PASS" start="2026-04-25T17:37:01.363433" elapsed="0.007900"/>
</kw>
<kw name="Log Out If Logged In" owner="MagicFridge" type="TEARDOWN">
<kw name="Run Keyword And Return Status" owner="BuiltIn">
<kw name="Page Should Contain Button" owner="SeleniumLibrary">
<msg time="2026-04-25T17:37:01.429912" level="INFO">Current page contains button 'Log out'.</msg>
<arg>Log out</arg>
<doc>Verifies button ``locator`` is found from current page.</doc>
<status status="PASS" start="2026-04-25T17:37:01.373373" elapsed="0.058527"/>
</kw>
<msg time="2026-04-25T17:37:01.432900" level="INFO">${present} = True</msg>
<var>${present}</var>
<arg>Page Should Contain Button</arg>
<arg>Log out</arg>
<doc>Runs the specified keyword and returns the status as a Boolean value.</doc>
<status status="PASS" start="2026-04-25T17:37:01.373373" elapsed="0.060528"/>
</kw>
<if>
<branch type="IF" condition="${present}">
<kw name="Click Button" owner="SeleniumLibrary">
<msg time="2026-04-25T17:37:01.435071" level="INFO">Clicking button 'Log out'.</msg>
<arg>Log out</arg>
<doc>Clicks the button identified by ``locator``.</doc>
<status status="PASS" start="2026-04-25T17:37:01.435071" elapsed="1.073273"/>
</kw>
<kw name="Wait Until Location Contains" owner="SeleniumLibrary">
<arg>/login</arg>
<doc>Waits until the current URL contains ``expected``.</doc>
<status status="PASS" start="2026-04-25T17:37:02.508344" elapsed="0.004414"/>
</kw>
<status status="PASS" start="2026-04-25T17:37:01.433901" elapsed="1.078857"/>
</branch>
<status status="PASS" start="2026-04-25T17:37:01.433901" elapsed="1.078857"/>
</if>
<status status="PASS" start="2026-04-25T17:37:01.372339" elapsed="1.140419"/>
</kw>
<status status="PASS" start="2026-04-25T17:36:58.104657" elapsed="4.408101"/>
</test>
<kw name="Close MagicFridge" owner="MagicFridge" type="TEARDOWN">
<kw name="Close Browser" owner="SeleniumLibrary">
<doc>Closes the current browser.</doc>
<status status="PASS" start="2026-04-25T17:37:02.520310" elapsed="2.318965"/>
</kw>
<status status="PASS" start="2026-04-25T17:37:02.519205" elapsed="2.320070"/>
</kw>
<status status="PASS" start="2026-04-25T17:36:47.305897" elapsed="17.533378"/>
</suite>
<status status="PASS" start="2026-04-25T17:36:47.301684" elapsed="17.539601"/>
</suite>
<status status="PASS" start="2026-04-25T17:36:47.292824" elapsed="17.548461"/>
</suite>
<status status="PASS" start="2026-04-25T17:36:47.288309" elapsed="17.552976"/>
</suite>
<status status="PASS" start="2026-04-25T17:36:47.276802" elapsed="17.584951"/>
</suite>
<status status="PASS" start="2026-04-25T17:36:47.236710" elapsed="17.633307"/>
</suite>
<statistics>
<total>
<stat pass="3" fail="0" skip="0">All Tests</stat>
</total>
<tag>
</tag>
<suite>
<stat name="13.S2 6 vizsgaelemek" id="s1" pass="3" fail="0" skip="0">13.S2 6 vizsgaelemek</stat>
<stat name="MagicFridge" id="s1-s1" pass="3" fail="0" skip="0">13.S2 6 vizsgaelemek.MagicFridge</stat>
<stat name="MagicFridge" id="s1-s1-s1" pass="3" fail="0" skip="0">13.S2 6 vizsgaelemek.MagicFridge.MagicFridge</stat>
<stat name="Tests" id="s1-s1-s1-s1" pass="3" fail="0" skip="0">13.S2 6 vizsgaelemek.MagicFridge.MagicFridge.Tests</stat>
<stat name="FrontEnd Test" id="s1-s1-s1-s1-s1" pass="3" fail="0" skip="0">13.S2 6 vizsgaelemek.MagicFridge.MagicFridge.Tests.FrontEnd Test</stat>
<stat name="Recipes" id="s1-s1-s1-s1-s1-s1" pass="3" fail="0" skip="0">13.S2 6 vizsgaelemek.MagicFridge.MagicFridge.Tests.FrontEnd Test.Recipes</stat>
</suite>
</statistics>
<errors>
</errors>
</robot>
